2023-12-01 11:25:24,422 - logger - INFO - Syncing outputs from notvalidated__b6c41ac0-5efa-4c9a-b669-1798588ef61e to local, and merging with local batch data.
2023-12-01 11:25:25,567 - logger - ERROR - S3 sync command failed: fatal error: An error occurred (ExpiredToken) when calling the ListObjectsV2 operation: The provided token has expired.

2023-12-01 11:25:25,567 - logger - INFO - S3 contents from s3://ndnp-open-ocr-output-bucket-test/notvalidated__b6c41ac0-5efa-4c9a-b669-1798588ef61e cloned to /tmp/s3_contents directory.
2023-12-01 11:25:28,155 - logger - INFO - Local batch contents (/Volumes/ExtremeSSD/notvalidated_orig) copied to new batch directory. (/Volumes/ExtremeSSD/notvbal3)
2023-12-01 11:25:28,155 - logger - INFO - Merged /tmp and local batch contents into new batch directory.
2023-12-01 11:25:28,155 - logger - INFO - Temporary directory /tmp/s3_contents successfully deleted.
2023-12-01 11:25:34,660 - logger - INFO - Syncing outputs from notvalidated__b6c41ac0-5efa-4c9a-b669-1798588ef61e to local, and merging with local batch data.
2023-12-01 11:25:35,543 - logger - ERROR - S3 sync command failed: fatal error: An error occurred (ExpiredToken) when calling the ListObjectsV2 operation: The provided token has expired.

2023-12-01 11:25:35,544 - logger - INFO - S3 contents from s3://ndnp-open-ocr-output-bucket-test/notvalidated__b6c41ac0-5efa-4c9a-b669-1798588ef61e cloned to /tmp/s3_contents directory.
2023-12-01 11:25:37,442 - logger - INFO - Local batch contents (/Volumes/ExtremeSSD/notvalidated_orig) copied to new batch directory. (/Volumes/ExtremeSSD/notvbal34)
2023-12-01 11:25:37,442 - logger - INFO - Merged /tmp and local batch contents into new batch directory.
2023-12-01 11:25:37,442 - logger - INFO - Temporary directory /tmp/s3_contents successfully deleted.
2023-12-01 11:25:54,952 - logger - INFO - Syncing outputs from notvalidated__b6c41ac0-5efa-4c9a-b669-1798588ef61e to local, and merging with local batch data.
2023-12-01 11:26:06,978 - logger - INFO - Completed 1.4 KiB/49.4 MiB (3.1 KiB/s) with 38 file(s) remaining
download: s3://ndnp-open-ocr-output-bucket-test/notvalidated__b6c41ac0-5efa-4c9a-b669-1798588ef61e/batch_dlc_sampleissue/data/2010270501/00237285074/0582.xml to ../../../../../../../tmp/s3_contents/batch_dlc_sampleissue/data/2010270501/00237285074/0582.xml
Completed 1.4 KiB/49.4 MiB (3.1 KiB/s) with 37 file(s) remaining
Completed 2.8 KiB/49.4 MiB (6.0 KiB/s) with 37 file(s) remaining
download: s3://ndnp-open-ocr-output-bucket-test/notvalidated__b6c41ac0-5efa-4c9a-b669-1798588ef61e/batch_dlc_sampleissue/data/2010270501/00237285074/0187.xml to ../../../../../../../tmp/s3_contents/batch_dlc_sampleissue/data/2010270501/00237285074/0187.xml
Completed 2.8 KiB/49.4 MiB (6.0 KiB/s) with 36 file(s) remaining
Completed 6.8 KiB/49.4 MiB (14.4 KiB/s) with 36 file(s) remaining
download: s3://ndnp-open-ocr-output-bucket-test/notvalidated__b6c41ac0-5efa-4c9a-b669-1798588ef61e/batch_dlc_sampleissue/data/2010270501/00237285074/0771.xml to ../../../../../../../tmp/s3_contents/batch_dlc_sampleissue/data/2010270501/00237285074/0771.xml
Completed 6.8 KiB/49.4 MiB (14.4 KiB/s) with 35 file(s) remaining
Completed 8.2 KiB/49.4 MiB (17.2 KiB/s) with 35 file(s) remaining
download: s3://ndnp-open-ocr-output-bucket-test/notvalidated__b6c41ac0-5efa-4c9a-b669-1798588ef61e/batch_dlc_sampleissue/data/2010270501/00237285074/0000.xml to ../../../../../../../tmp/s3_contents/batch_dlc_sampleissue/data/2010270501/00237285074/0000.xml
Completed 8.2 KiB/49.4 MiB (17.2 KiB/s) with 34 file(s) remaining
Completed 9.7 KiB/49.4 MiB (16.5 KiB/s) with 34 file(s) remaining
download: s3://ndnp-open-ocr-output-bucket-test/notvalidated__b6c41ac0-5efa-4c9a-b669-1798588ef61e/batch_dlc_sampleissue/data/2010270501/00237285074/0935.xml to ../../../../../../../tmp/s3_contents/batch_dlc_sampleissue/data/2010270501/00237285074/0935.xml
Completed 9.7 KiB/49.4 MiB (16.5 KiB/s) with 33 file(s) remaining
Completed 26.6 KiB/49.4 MiB (36.6 KiB/s) with 33 file(s) remaining
download: s3://ndnp-open-ocr-output-bucket-test/notvalidated__b6c41ac0-5efa-4c9a-b669-1798588ef61e/batch_dlc_sampleissue/data/2010270501/00237285074/1203.xml to ../../../../../../../tmp/s3_contents/batch_dlc_sampleissue/data/2010270501/00237285074/1203.xml
Completed 26.6 KiB/49.4 MiB (36.6 KiB/s) with 32 file(s) remaining
Completed 28.1 KiB/49.4 MiB (32.9 KiB/s) with 32 file(s) remaining
download: s3://ndnp-open-ocr-output-bucket-test/notvalidated__b6c41ac0-5efa-4c9a-b669-1798588ef61e/batch_dlc_sampleissue/data/2010270501/00237285074/1200.xml to ../../../../../../../tmp/s3_contents/batch_dlc_sampleissue/data/2010270501/00237285074/1200.xml
Completed 28.1 KiB/49.4 MiB (32.9 KiB/s) with 31 file(s) remaining
Completed 284.1 KiB/49.4 MiB (305.7 KiB/s) with 31 file(s) remaining
Completed 302.0 KiB/49.4 MiB (324.2 KiB/s) with 31 file(s) remaining
download: s3://ndnp-open-ocr-output-bucket-test/notvalidated__b6c41ac0-5efa-4c9a-b669-1798588ef61e/batch_dlc_sampleissue/data/2010270501/00237285074/0187.pdf to ../../../../../../../tmp/s3_contents/batch_dlc_sampleissue/data/2010270501/00237285074/0187.pdf
Completed 302.0 KiB/49.4 MiB (324.2 KiB/s) with 30 file(s) remaining
Completed 558.0 KiB/49.4 MiB (570.7 KiB/s) with 30 file(s) remaining
Completed 800.1 KiB/49.4 MiB (796.4 KiB/s) with 30 file(s) remaining
download: s3://ndnp-open-ocr-output-bucket-test/notvalidated__b6c41ac0-5efa-4c9a-b669-1798588ef61e/batch_dlc_sampleissue/data/2010270501/00237285074/0935.pdf to ../../../../../../../tmp/s3_contents/batch_dlc_sampleissue/data/2010270501/00237285074/0935.pdf
Completed 800.1 KiB/49.4 MiB (796.4 KiB/s) with 29 file(s) remaining
Completed 1.0 MiB/49.4 MiB (1.0 MiB/s) with 29 file(s) remaining    
Completed 1.3 MiB/49.4 MiB (1.2 MiB/s) with 29 file(s) remaining    
Completed 1.5 MiB/49.4 MiB (1.4 MiB/s) with 29 file(s) remaining    
Completed 1.8 MiB/49.4 MiB (1.6 MiB/s) with 29 file(s) remaining    
Completed 1.8 MiB/49.4 MiB (1.6 MiB/s) with 29 file(s) remaining    
download: s3://ndnp-open-ocr-output-bucket-test/notvalidated__b6c41ac0-5efa-4c9a-b669-1798588ef61e/batch_dlc_sampleissue/data/2010270501/00237285074/1708.xml to ../../../../../../../tmp/s3_contents/batch_dlc_sampleissue/data/2010270501/00237285074/1708.xml
Completed 1.8 MiB/49.4 MiB (1.6 MiB/s) with 28 file(s) remaining
Completed 2.0 MiB/49.4 MiB (1.6 MiB/s) with 28 file(s) remaining
Completed 2.0 MiB/49.4 MiB (1.5 MiB/s) with 28 file(s) remaining
download: s3://ndnp-open-ocr-output-bucket-test/notvalidated__b6c41ac0-5efa-4c9a-b669-1798588ef61e/batch_dlc_sampleissue/data/2010270501/00237285074/1262.xml to ../../../../../../../tmp/s3_contents/batch_dlc_sampleissue/data/2010270501/00237285074/1262.xml
Completed 2.0 MiB/49.4 MiB (1.5 MiB/s) with 27 file(s) remaining
Completed 2.3 MiB/49.4 MiB (1.7 MiB/s) with 27 file(s) remaining
Completed 2.5 MiB/49.4 MiB (1.8 MiB/s) with 27 file(s) remaining
Completed 2.8 MiB/49.4 MiB (2.0 MiB/s) with 27 file(s) remaining
Completed 3.0 MiB/49.4 MiB (2.1 MiB/s) with 27 file(s) remaining
download: s3://ndnp-open-ocr-output-bucket-test/notvalidated__b6c41ac0-5efa-4c9a-b669-1798588ef61e/batch_dlc_sampleissue/data/2010270501/00237285074/1262.pdf to ../../../../../../../tmp/s3_contents/batch_dlc_sampleissue/data/2010270501/00237285074/1262.pdf
Completed 3.0 MiB/49.4 MiB (2.1 MiB/s) with 26 file(s) remaining
Completed 3.3 MiB/49.4 MiB (2.2 MiB/s) with 26 file(s) remaining
Completed 3.5 MiB/49.4 MiB (2.3 MiB/s) with 26 file(s) remaining
Completed 3.8 MiB/49.4 MiB (2.2 MiB/s) with 26 file(s) remaining
Completed 4.0 MiB/49.4 MiB (2.4 MiB/s) with 26 file(s) remaining
Completed 4.0 MiB/49.4 MiB (2.4 MiB/s) with 26 file(s) remaining
download: s3://ndnp-open-ocr-output-bucket-test/notvalidated__b6c41ac0-5efa-4c9a-b669-1798588ef61e/batch_dlc_sampleissue/data/2010270501/00237285074/1707.xml to ../../../../../../../tmp/s3_contents/batch_dlc_sampleissue/data/2010270501/00237285074/1707.xml
Completed 4.0 MiB/49.4 MiB (2.4 MiB/s) with 25 file(s) remaining
Completed 4.3 MiB/49.4 MiB (2.5 MiB/s) with 25 file(s) remaining
Completed 4.5 MiB/49.4 MiB (2.5 MiB/s) with 25 file(s) remaining
Completed 4.8 MiB/49.4 MiB (2.7 MiB/s) with 25 file(s) remaining
download: s3://ndnp-open-ocr-output-bucket-test/notvalidated__b6c41ac0-5efa-4c9a-b669-1798588ef61e/batch_dlc_sampleissue/data/2010270501/00237285074/0582.pdf to ../../../../../../../tmp/s3_contents/batch_dlc_sampleissue/data/2010270501/00237285074/0582.pdf
Completed 4.8 MiB/49.4 MiB (2.7 MiB/s) with 24 file(s) remaining
Completed 5.0 MiB/49.4 MiB (2.8 MiB/s) with 24 file(s) remaining
Completed 5.3 MiB/49.4 MiB (2.9 MiB/s) with 24 file(s) remaining
Completed 5.5 MiB/49.4 MiB (2.9 MiB/s) with 24 file(s) remaining
Completed 5.8 MiB/49.4 MiB (2.9 MiB/s) with 24 file(s) remaining
Completed 6.0 MiB/49.4 MiB (2.9 MiB/s) with 24 file(s) remaining
Completed 6.3 MiB/49.4 MiB (3.0 MiB/s) with 24 file(s) remaining
Completed 6.5 MiB/49.4 MiB (3.0 MiB/s) with 24 file(s) remaining
Completed 6.8 MiB/49.4 MiB (3.1 MiB/s) with 24 file(s) remaining
Completed 7.0 MiB/49.4 MiB (3.2 MiB/s) with 24 file(s) remaining
Completed 7.3 MiB/49.4 MiB (3.3 MiB/s) with 24 file(s) remaining
Completed 7.5 MiB/49.4 MiB (3.3 MiB/s) with 24 file(s) remaining
Completed 7.8 MiB/49.4 MiB (3.4 MiB/s) with 24 file(s) remaining
Completed 7.8 MiB/49.4 MiB (3.4 MiB/s) with 24 file(s) remaining
download: s3://ndnp-open-ocr-output-bucket-test/notvalidated__b6c41ac0-5efa-4c9a-b669-1798588ef61e/batch_dlc_sampleissue/data/2010270501/00237285074/1902103101/0864.xml to ../../../../../../../tmp/s3_contents/batch_dlc_sampleissue/data/2010270501/00237285074/1902103101/0864.xml
Completed 7.8 MiB/49.4 MiB (3.4 MiB/s) with 23 file(s) remaining
Completed 8.0 MiB/49.4 MiB (3.5 MiB/s) with 23 file(s) remaining
Completed 8.3 MiB/49.4 MiB (3.5 MiB/s) with 23 file(s) remaining
Completed 8.5 MiB/49.4 MiB (3.5 MiB/s) with 23 file(s) remaining
Completed 8.8 MiB/49.4 MiB (3.5 MiB/s) with 23 file(s) remaining
Completed 9.0 MiB/49.4 MiB (3.6 MiB/s) with 23 file(s) remaining
Completed 9.3 MiB/49.4 MiB (3.7 MiB/s) with 23 file(s) remaining
Completed 9.5 MiB/49.4 MiB (3.7 MiB/s) with 23 file(s) remaining
Completed 9.8 MiB/49.4 MiB (3.8 MiB/s) with 23 file(s) remaining
Completed 10.0 MiB/49.4 MiB (3.7 MiB/s) with 23 file(s) remaining
download: s3://ndnp-open-ocr-output-bucket-test/notvalidated__b6c41ac0-5efa-4c9a-b669-1798588ef61e/batch_dlc_sampleissue/data/2010270501/00237285074/0257.xml to ../../../../../../../tmp/s3_contents/batch_dlc_sampleissue/data/2010270501/00237285074/0257.xml
Completed 10.0 MiB/49.4 MiB (3.7 MiB/s) with 22 file(s) remaining
Completed 10.3 MiB/49.4 MiB (3.8 MiB/s) with 22 file(s) remaining
Completed 10.5 MiB/49.4 MiB (3.8 MiB/s) with 22 file(s) remaining
Completed 10.8 MiB/49.4 MiB (3.9 MiB/s) with 22 file(s) remaining
Completed 11.0 MiB/49.4 MiB (3.9 MiB/s) with 22 file(s) remaining
Completed 11.3 MiB/49.4 MiB (4.0 MiB/s) with 22 file(s) remaining
Completed 11.5 MiB/49.4 MiB (4.0 MiB/s) with 22 file(s) remaining
Completed 11.8 MiB/49.4 MiB (4.0 MiB/s) with 22 file(s) remaining
Completed 12.0 MiB/49.4 MiB (4.1 MiB/s) with 22 file(s) remaining
Completed 12.3 MiB/49.4 MiB (4.0 MiB/s) with 22 file(s) remaining
Completed 12.5 MiB/49.4 MiB (4.1 MiB/s) with 22 file(s) remaining
download: s3://ndnp-open-ocr-output-bucket-test/notvalidated__b6c41ac0-5efa-4c9a-b669-1798588ef61e/batch_dlc_sampleissue/data/2010270501/00237285074/0000.pdf to ../../../../../../../tmp/s3_contents/batch_dlc_sampleissue/data/2010270501/00237285074/0000.pdf
Completed 12.5 MiB/49.4 MiB (4.1 MiB/s) with 21 file(s) remaining
Completed 12.7 MiB/49.4 MiB (4.2 MiB/s) with 21 file(s) remaining
Completed 13.0 MiB/49.4 MiB (4.2 MiB/s) with 21 file(s) remaining
Completed 13.2 MiB/49.4 MiB (4.2 MiB/s) with 21 file(s) remaining
Completed 13.5 MiB/49.4 MiB (4.2 MiB/s) with 21 file(s) remaining
Completed 13.7 MiB/49.4 MiB (4.3 MiB/s) with 21 file(s) remaining
Completed 13.8 MiB/49.4 MiB (4.3 MiB/s) with 21 file(s) remaining
download: s3://ndnp-open-ocr-output-bucket-test/notvalidated__b6c41ac0-5efa-4c9a-b669-1798588ef61e/batch_dlc_sampleissue/data/2010270501/00237285074/0771.pdf to ../../../../../../../tmp/s3_contents/batch_dlc_sampleissue/data/2010270501/00237285074/0771.pdf
Completed 13.8 MiB/49.4 MiB (4.3 MiB/s) with 20 file(s) remaining
Completed 14.1 MiB/49.4 MiB (4.3 MiB/s) with 20 file(s) remaining
Completed 14.3 MiB/49.4 MiB (4.3 MiB/s) with 20 file(s) remaining
Completed 14.6 MiB/49.4 MiB (4.3 MiB/s) with 20 file(s) remaining
Completed 14.8 MiB/49.4 MiB (4.4 MiB/s) with 20 file(s) remaining
Completed 15.1 MiB/49.4 MiB (4.3 MiB/s) with 20 file(s) remaining
Completed 15.3 MiB/49.4 MiB (4.3 MiB/s) with 20 file(s) remaining
download: s3://ndnp-open-ocr-output-bucket-test/notvalidated__b6c41ac0-5efa-4c9a-b669-1798588ef61e/batch_dlc_sampleissue/data/2010270501/00237285074/1200.pdf to ../../../../../../../tmp/s3_contents/batch_dlc_sampleissue/data/2010270501/00237285074/1200.pdf
Completed 15.3 MiB/49.4 MiB (4.3 MiB/s) with 19 file(s) remaining
Completed 15.6 MiB/49.4 MiB (4.4 MiB/s) with 19 file(s) remaining
Completed 15.8 MiB/49.4 MiB (4.4 MiB/s) with 19 file(s) remaining
Completed 15.9 MiB/49.4 MiB (4.4 MiB/s) with 19 file(s) remaining
download: s3://ndnp-open-ocr-output-bucket-test/notvalidated__b6c41ac0-5efa-4c9a-b669-1798588ef61e/batch_dlc_sampleissue/data/2010270501/00237285074/1203.pdf to ../../../../../../../tmp/s3_contents/batch_dlc_sampleissue/data/2010270501/00237285074/1203.pdf
Completed 15.9 MiB/49.4 MiB (4.4 MiB/s) with 18 file(s) remaining
Completed 16.1 MiB/49.4 MiB (4.5 MiB/s) with 18 file(s) remaining
Completed 16.4 MiB/49.4 MiB (4.5 MiB/s) with 18 file(s) remaining
Completed 16.6 MiB/49.4 MiB (4.5 MiB/s) with 18 file(s) remaining
Completed 16.9 MiB/49.4 MiB (4.5 MiB/s) with 18 file(s) remaining
Completed 17.1 MiB/49.4 MiB (4.6 MiB/s) with 18 file(s) remaining
Completed 17.4 MiB/49.4 MiB (4.6 MiB/s) with 18 file(s) remaining
Completed 17.6 MiB/49.4 MiB (4.5 MiB/s) with 18 file(s) remaining
Completed 17.9 MiB/49.4 MiB (4.5 MiB/s) with 18 file(s) remaining
Completed 18.1 MiB/49.4 MiB (4.6 MiB/s) with 18 file(s) remaining
Completed 18.4 MiB/49.4 MiB (4.6 MiB/s) with 18 file(s) remaining
Completed 18.6 MiB/49.4 MiB (4.6 MiB/s) with 18 file(s) remaining
Completed 18.9 MiB/49.4 MiB (4.6 MiB/s) with 18 file(s) remaining
Completed 19.1 MiB/49.4 MiB (4.7 MiB/s) with 18 file(s) remaining
Completed 19.4 MiB/49.4 MiB (4.7 MiB/s) with 18 file(s) remaining
Completed 19.5 MiB/49.4 MiB (4.7 MiB/s) with 18 file(s) remaining
download: s3://ndnp-open-ocr-output-bucket-test/notvalidated__b6c41ac0-5efa-4c9a-b669-1798588ef61e/batch_dlc_sampleissue/data/2010270501/00237285074/0257.pdf to ../../../../../../../tmp/s3_contents/batch_dlc_sampleissue/data/2010270501/00237285074/0257.pdf
Completed 19.5 MiB/49.4 MiB (4.7 MiB/s) with 17 file(s) remaining
Completed 19.6 MiB/49.4 MiB (4.7 MiB/s) with 17 file(s) remaining
download: s3://ndnp-open-ocr-output-bucket-test/notvalidated__b6c41ac0-5efa-4c9a-b669-1798588ef61e/batch_dlc_sampleissue/data/2010270501/00237285074/1902103101/0865.xml to ../../../../../../../tmp/s3_contents/batch_dlc_sampleissue/data/2010270501/00237285074/1902103101/0865.xml
Completed 19.6 MiB/49.4 MiB (4.7 MiB/s) with 16 file(s) remaining
Completed 19.9 MiB/49.4 MiB (4.7 MiB/s) with 16 file(s) remaining
Completed 20.1 MiB/49.4 MiB (4.7 MiB/s) with 16 file(s) remaining
Completed 20.4 MiB/49.4 MiB (4.7 MiB/s) with 16 file(s) remaining
Completed 20.6 MiB/49.4 MiB (4.8 MiB/s) with 16 file(s) remaining
Completed 20.9 MiB/49.4 MiB (4.8 MiB/s) with 16 file(s) remaining
Completed 21.0 MiB/49.4 MiB (4.8 MiB/s) with 16 file(s) remaining
download: s3://ndnp-open-ocr-output-bucket-test/notvalidated__b6c41ac0-5efa-4c9a-b669-1798588ef61e/batch_dlc_sampleissue/data/2010270501/00237285074/1902103101/0868.xml to ../../../../../../../tmp/s3_contents/batch_dlc_sampleissue/data/2010270501/00237285074/1902103101/0868.xml
Completed 21.0 MiB/49.4 MiB (4.8 MiB/s) with 15 file(s) remaining
Completed 21.3 MiB/49.4 MiB (4.8 MiB/s) with 15 file(s) remaining
Completed 21.5 MiB/49.4 MiB (4.9 MiB/s) with 15 file(s) remaining
Completed 21.8 MiB/49.4 MiB (4.9 MiB/s) with 15 file(s) remaining
Completed 21.9 MiB/49.4 MiB (4.9 MiB/s) with 15 file(s) remaining
download: s3://ndnp-open-ocr-output-bucket-test/notvalidated__b6c41ac0-5efa-4c9a-b669-1798588ef61e/batch_dlc_sampleissue/data/2010270501/00237285074/1902103101/0863.xml to ../../../../../../../tmp/s3_contents/batch_dlc_sampleissue/data/2010270501/00237285074/1902103101/0863.xml
Completed 21.9 MiB/49.4 MiB (4.9 MiB/s) with 14 file(s) remaining
Completed 22.1 MiB/49.4 MiB (4.8 MiB/s) with 14 file(s) remaining
Completed 22.4 MiB/49.4 MiB (4.8 MiB/s) with 14 file(s) remaining
Completed 22.6 MiB/49.4 MiB (4.8 MiB/s) with 14 file(s) remaining
Completed 22.9 MiB/49.4 MiB (4.9 MiB/s) with 14 file(s) remaining
Completed 23.1 MiB/49.4 MiB (4.9 MiB/s) with 14 file(s) remaining
Completed 23.4 MiB/49.4 MiB (4.9 MiB/s) with 14 file(s) remaining
Completed 23.6 MiB/49.4 MiB (4.9 MiB/s) with 14 file(s) remaining
Completed 23.9 MiB/49.4 MiB (4.9 MiB/s) with 14 file(s) remaining
Completed 24.1 MiB/49.4 MiB (4.9 MiB/s) with 14 file(s) remaining
Completed 24.4 MiB/49.4 MiB (4.9 MiB/s) with 14 file(s) remaining
Completed 24.6 MiB/49.4 MiB (4.9 MiB/s) with 14 file(s) remaining
Completed 24.9 MiB/49.4 MiB (4.9 MiB/s) with 14 file(s) remaining
Completed 25.1 MiB/49.4 MiB (5.0 MiB/s) with 14 file(s) remaining
Completed 25.4 MiB/49.4 MiB (5.0 MiB/s) with 14 file(s) remaining
Completed 25.6 MiB/49.4 MiB (5.0 MiB/s) with 14 file(s) remaining
Completed 25.9 MiB/49.4 MiB (5.0 MiB/s) with 14 file(s) remaining
Completed 26.1 MiB/49.4 MiB (5.0 MiB/s) with 14 file(s) remaining
Completed 26.4 MiB/49.4 MiB (5.1 MiB/s) with 14 file(s) remaining
Completed 26.5 MiB/49.4 MiB (5.1 MiB/s) with 14 file(s) remaining
download: s3://ndnp-open-ocr-output-bucket-test/notvalidated__b6c41ac0-5efa-4c9a-b669-1798588ef61e/batch_dlc_sampleissue/data/2010270501/00237285074/1902103101/0869.xml to ../../../../../../../tmp/s3_contents/batch_dlc_sampleissue/data/2010270501/00237285074/1902103101/0869.xml
Completed 26.5 MiB/49.4 MiB (5.1 MiB/s) with 13 file(s) remaining
Completed 26.7 MiB/49.4 MiB (5.0 MiB/s) with 13 file(s) remaining
Completed 27.0 MiB/49.4 MiB (5.0 MiB/s) with 13 file(s) remaining
Completed 27.2 MiB/49.4 MiB (5.1 MiB/s) with 13 file(s) remaining
Completed 27.5 MiB/49.4 MiB (5.1 MiB/s) with 13 file(s) remaining
Completed 27.7 MiB/49.4 MiB (5.1 MiB/s) with 13 file(s) remaining
Completed 28.0 MiB/49.4 MiB (5.1 MiB/s) with 13 file(s) remaining
Completed 28.2 MiB/49.4 MiB (5.1 MiB/s) with 13 file(s) remaining
Completed 28.5 MiB/49.4 MiB (5.2 MiB/s) with 13 file(s) remaining
Completed 28.7 MiB/49.4 MiB (5.1 MiB/s) with 13 file(s) remaining
Completed 29.0 MiB/49.4 MiB (5.1 MiB/s) with 13 file(s) remaining
Completed 29.2 MiB/49.4 MiB (5.1 MiB/s) with 13 file(s) remaining
Completed 29.5 MiB/49.4 MiB (5.1 MiB/s) with 13 file(s) remaining
Completed 29.7 MiB/49.4 MiB (5.2 MiB/s) with 13 file(s) remaining
Completed 30.0 MiB/49.4 MiB (5.2 MiB/s) with 13 file(s) remaining
Completed 30.2 MiB/49.4 MiB (5.2 MiB/s) with 13 file(s) remaining
Completed 30.5 MiB/49.4 MiB (5.2 MiB/s) with 13 file(s) remaining
Completed 30.7 MiB/49.4 MiB (5.3 MiB/s) with 13 file(s) remaining
Completed 31.0 MiB/49.4 MiB (5.3 MiB/s) with 13 file(s) remaining
Completed 31.1 MiB/49.4 MiB (5.2 MiB/s) with 13 file(s) remaining
download: s3://ndnp-open-ocr-output-bucket-test/notvalidated__b6c41ac0-5efa-4c9a-b669-1798588ef61e/batch_dlc_sampleissue/data/2010270501/00237285074/1902103101/0870.xml to ../../../../../../../tmp/s3_contents/batch_dlc_sampleissue/data/2010270501/00237285074/1902103101/0870.xml
Completed 31.1 MiB/49.4 MiB (5.2 MiB/s) with 12 file(s) remaining
Completed 31.3 MiB/49.4 MiB (5.2 MiB/s) with 12 file(s) remaining
download: s3://ndnp-open-ocr-output-bucket-test/notvalidated__b6c41ac0-5efa-4c9a-b669-1798588ef61e/batch_dlc_sampleissue/data/2010270501/00237285074/1707.pdf to ../../../../../../../tmp/s3_contents/batch_dlc_sampleissue/data/2010270501/00237285074/1707.pdf
Completed 31.3 MiB/49.4 MiB (5.2 MiB/s) with 11 file(s) remaining
Completed 31.6 MiB/49.4 MiB (5.2 MiB/s) with 11 file(s) remaining
Completed 31.8 MiB/49.4 MiB (5.3 MiB/s) with 11 file(s) remaining
Completed 32.1 MiB/49.4 MiB (5.3 MiB/s) with 11 file(s) remaining
Completed 32.3 MiB/49.4 MiB (5.3 MiB/s) with 11 file(s) remaining
Completed 32.3 MiB/49.4 MiB (5.3 MiB/s) with 11 file(s) remaining
download: s3://ndnp-open-ocr-output-bucket-test/notvalidated__b6c41ac0-5efa-4c9a-b669-1798588ef61e/batch_dlc_sampleissue/data/2010270501/00237285074/1902103101/0867.xml to ../../../../../../../tmp/s3_contents/batch_dlc_sampleissue/data/2010270501/00237285074/1902103101/0867.xml
Completed 32.3 MiB/49.4 MiB (5.3 MiB/s) with 10 file(s) remaining
Completed 32.6 MiB/49.4 MiB (5.3 MiB/s) with 10 file(s) remaining
Completed 32.8 MiB/49.4 MiB (5.3 MiB/s) with 10 file(s) remaining
Completed 33.1 MiB/49.4 MiB (5.3 MiB/s) with 10 file(s) remaining
Completed 33.3 MiB/49.4 MiB (5.4 MiB/s) with 10 file(s) remaining
Completed 33.5 MiB/49.4 MiB (5.4 MiB/s) with 10 file(s) remaining
download: s3://ndnp-open-ocr-output-bucket-test/notvalidated__b6c41ac0-5efa-4c9a-b669-1798588ef61e/batch_dlc_sampleissue/data/2010270501/00237285074/1902103101/0864.pdf to ../../../../../../../tmp/s3_contents/batch_dlc_sampleissue/data/2010270501/00237285074/1902103101/0864.pdf
Completed 33.5 MiB/49.4 MiB (5.4 MiB/s) with 9 file(s) remaining
Completed 33.7 MiB/49.4 MiB (5.3 MiB/s) with 9 file(s) remaining
Completed 34.0 MiB/49.4 MiB (5.3 MiB/s) with 9 file(s) remaining
Completed 34.2 MiB/49.4 MiB (5.3 MiB/s) with 9 file(s) remaining
Completed 34.5 MiB/49.4 MiB (5.3 MiB/s) with 9 file(s) remaining
download: s3://ndnp-open-ocr-output-bucket-test/notvalidated__b6c41ac0-5efa-4c9a-b669-1798588ef61e/batch_dlc_sampleissue/data/2010270501/00237285074/1708.pdf to ../../../../../../../tmp/s3_contents/batch_dlc_sampleissue/data/2010270501/00237285074/1708.pdf
Completed 34.5 MiB/49.4 MiB (5.3 MiB/s) with 8 file(s) remaining
Completed 34.7 MiB/49.4 MiB (5.3 MiB/s) with 8 file(s) remaining
Completed 35.0 MiB/49.4 MiB (5.4 MiB/s) with 8 file(s) remaining
Completed 35.2 MiB/49.4 MiB (5.4 MiB/s) with 8 file(s) remaining
Completed 35.5 MiB/49.4 MiB (5.4 MiB/s) with 8 file(s) remaining
Completed 35.7 MiB/49.4 MiB (5.4 MiB/s) with 8 file(s) remaining
Completed 36.0 MiB/49.4 MiB (5.3 MiB/s) with 8 file(s) remaining
Completed 36.2 MiB/49.4 MiB (5.4 MiB/s) with 8 file(s) remaining
Completed 36.5 MiB/49.4 MiB (5.3 MiB/s) with 8 file(s) remaining
Completed 36.7 MiB/49.4 MiB (5.4 MiB/s) with 8 file(s) remaining
Completed 37.0 MiB/49.4 MiB (5.4 MiB/s) with 8 file(s) remaining
Completed 37.2 MiB/49.4 MiB (5.4 MiB/s) with 8 file(s) remaining
Completed 37.5 MiB/49.4 MiB (5.4 MiB/s) with 8 file(s) remaining
Completed 37.7 MiB/49.4 MiB (5.4 MiB/s) with 8 file(s) remaining
Completed 38.0 MiB/49.4 MiB (5.4 MiB/s) with 8 file(s) remaining
Completed 38.2 MiB/49.4 MiB (5.4 MiB/s) with 8 file(s) remaining
Completed 38.3 MiB/49.4 MiB (5.3 MiB/s) with 8 file(s) remaining
download: s3://ndnp-open-ocr-output-bucket-test/notvalidated__b6c41ac0-5efa-4c9a-b669-1798588ef61e/batch_dlc_sampleissue/data/2010270501/00237285074/1902103101/0866.xml to ../../../../../../../tmp/s3_contents/batch_dlc_sampleissue/data/2010270501/00237285074/1902103101/0866.xml
Completed 38.3 MiB/49.4 MiB (5.3 MiB/s) with 7 file(s) remaining
Completed 38.6 MiB/49.4 MiB (5.4 MiB/s) with 7 file(s) remaining
Completed 38.8 MiB/49.4 MiB (5.4 MiB/s) with 7 file(s) remaining
Completed 39.1 MiB/49.4 MiB (5.4 MiB/s) with 7 file(s) remaining
Completed 39.3 MiB/49.4 MiB (5.4 MiB/s) with 7 file(s) remaining
Completed 39.6 MiB/49.4 MiB (5.4 MiB/s) with 7 file(s) remaining
Completed 39.8 MiB/49.4 MiB (5.4 MiB/s) with 7 file(s) remaining
Completed 40.1 MiB/49.4 MiB (5.4 MiB/s) with 7 file(s) remaining
Completed 40.3 MiB/49.4 MiB (5.4 MiB/s) with 7 file(s) remaining
download: s3://ndnp-open-ocr-output-bucket-test/notvalidated__b6c41ac0-5efa-4c9a-b669-1798588ef61e/batch_dlc_sampleissue/data/2010270501/00237285074/1902103101/0863.pdf to ../../../../../../../tmp/s3_contents/batch_dlc_sampleissue/data/2010270501/00237285074/1902103101/0863.pdf
Completed 40.3 MiB/49.4 MiB (5.4 MiB/s) with 6 file(s) remaining
Completed 40.5 MiB/49.4 MiB (5.4 MiB/s) with 6 file(s) remaining
Completed 40.8 MiB/49.4 MiB (5.4 MiB/s) with 6 file(s) remaining
Completed 41.0 MiB/49.4 MiB (5.4 MiB/s) with 6 file(s) remaining
Completed 41.3 MiB/49.4 MiB (5.4 MiB/s) with 6 file(s) remaining
Completed 41.5 MiB/49.4 MiB (5.4 MiB/s) with 6 file(s) remaining
Completed 41.8 MiB/49.4 MiB (5.4 MiB/s) with 6 file(s) remaining
Completed 42.0 MiB/49.4 MiB (5.3 MiB/s) with 6 file(s) remaining
Completed 42.3 MiB/49.4 MiB (5.4 MiB/s) with 6 file(s) remaining
Completed 42.5 MiB/49.4 MiB (5.4 MiB/s) with 6 file(s) remaining
Completed 42.6 MiB/49.4 MiB (5.4 MiB/s) with 6 file(s) remaining
download: s3://ndnp-open-ocr-output-bucket-test/notvalidated__b6c41ac0-5efa-4c9a-b669-1798588ef61e/batch_dlc_sampleissue/data/2010270501/00237285074/1902103101/0865.pdf to ../../../../../../../tmp/s3_contents/batch_dlc_sampleissue/data/2010270501/00237285074/1902103101/0865.pdf
Completed 42.6 MiB/49.4 MiB (5.4 MiB/s) with 5 file(s) remaining
Completed 42.9 MiB/49.4 MiB (5.3 MiB/s) with 5 file(s) remaining
Completed 43.1 MiB/49.4 MiB (5.3 MiB/s) with 5 file(s) remaining
Completed 43.4 MiB/49.4 MiB (5.3 MiB/s) with 5 file(s) remaining
Completed 43.6 MiB/49.4 MiB (5.3 MiB/s) with 5 file(s) remaining
Completed 43.9 MiB/49.4 MiB (5.3 MiB/s) with 5 file(s) remaining
Completed 44.0 MiB/49.4 MiB (5.3 MiB/s) with 5 file(s) remaining
download: s3://ndnp-open-ocr-output-bucket-test/notvalidated__b6c41ac0-5efa-4c9a-b669-1798588ef61e/batch_dlc_sampleissue/data/2010270501/00237285074/1902103101/0867.pdf to ../../../../../../../tmp/s3_contents/batch_dlc_sampleissue/data/2010270501/00237285074/1902103101/0867.pdf
Completed 44.0 MiB/49.4 MiB (5.3 MiB/s) with 4 file(s) remaining
Completed 44.2 MiB/49.4 MiB (5.3 MiB/s) with 4 file(s) remaining
Completed 44.5 MiB/49.4 MiB (5.3 MiB/s) with 4 file(s) remaining
Completed 44.7 MiB/49.4 MiB (5.2 MiB/s) with 4 file(s) remaining
Completed 45.0 MiB/49.4 MiB (5.2 MiB/s) with 4 file(s) remaining
Completed 45.2 MiB/49.4 MiB (5.2 MiB/s) with 4 file(s) remaining
Completed 45.5 MiB/49.4 MiB (5.2 MiB/s) with 4 file(s) remaining
Completed 45.7 MiB/49.4 MiB (5.1 MiB/s) with 4 file(s) remaining
Completed 46.0 MiB/49.4 MiB (5.1 MiB/s) with 4 file(s) remaining
Completed 46.0 MiB/49.4 MiB (5.1 MiB/s) with 4 file(s) remaining
download: s3://ndnp-open-ocr-output-bucket-test/notvalidated__b6c41ac0-5efa-4c9a-b669-1798588ef61e/batch_dlc_sampleissue/data/2010270501/00237285074/1902103101/0869.pdf to ../../../../../../../tmp/s3_contents/batch_dlc_sampleissue/data/2010270501/00237285074/1902103101/0869.pdf
Completed 46.0 MiB/49.4 MiB (5.1 MiB/s) with 3 file(s) remaining
Completed 46.3 MiB/49.4 MiB (5.1 MiB/s) with 3 file(s) remaining
Completed 46.5 MiB/49.4 MiB (5.1 MiB/s) with 3 file(s) remaining
Completed 46.8 MiB/49.4 MiB (5.1 MiB/s) with 3 file(s) remaining
Completed 47.0 MiB/49.4 MiB (5.0 MiB/s) with 3 file(s) remaining
Completed 47.3 MiB/49.4 MiB (5.0 MiB/s) with 3 file(s) remaining
Completed 47.3 MiB/49.4 MiB (5.0 MiB/s) with 3 file(s) remaining
download: s3://ndnp-open-ocr-output-bucket-test/notvalidated__b6c41ac0-5efa-4c9a-b669-1798588ef61e/batch_dlc_sampleissue/data/2010270501/00237285074/1902103101/0870.pdf to ../../../../../../../tmp/s3_contents/batch_dlc_sampleissue/data/2010270501/00237285074/1902103101/0870.pdf
Completed 47.3 MiB/49.4 MiB (5.0 MiB/s) with 2 file(s) remaining
Completed 47.6 MiB/49.4 MiB (5.0 MiB/s) with 2 file(s) remaining
Completed 47.8 MiB/49.4 MiB (4.9 MiB/s) with 2 file(s) remaining
Completed 48.1 MiB/49.4 MiB (4.8 MiB/s) with 2 file(s) remaining
Completed 48.3 MiB/49.4 MiB (4.8 MiB/s) with 2 file(s) remaining
Completed 48.6 MiB/49.4 MiB (4.7 MiB/s) with 2 file(s) remaining
Completed 48.8 MiB/49.4 MiB (4.7 MiB/s) with 2 file(s) remaining
Completed 49.0 MiB/49.4 MiB (4.7 MiB/s) with 2 file(s) remaining
download: s3://ndnp-open-ocr-output-bucket-test/notvalidated__b6c41ac0-5efa-4c9a-b669-1798588ef61e/batch_dlc_sampleissue/data/2010270501/00237285074/1902103101/0868.pdf to ../../../../../../../tmp/s3_contents/batch_dlc_sampleissue/data/2010270501/00237285074/1902103101/0868.pdf
Completed 49.0 MiB/49.4 MiB (4.7 MiB/s) with 1 file(s) remaining
Completed 49.2 MiB/49.4 MiB (4.6 MiB/s) with 1 file(s) remaining
Completed 49.4 MiB/49.4 MiB (4.5 MiB/s) with 1 file(s) remaining
download: s3://ndnp-open-ocr-output-bucket-test/notvalidated__b6c41ac0-5efa-4c9a-b669-1798588ef61e/batch_dlc_sampleissue/data/2010270501/00237285074/1902103101/0866.pdf to ../../../../../../../tmp/s3_contents/batch_dlc_sampleissue/data/2010270501/00237285074/1902103101/0866.pdf

2023-12-01 11:26:06,979 - logger - INFO - S3 contents from s3://ndnp-open-ocr-output-bucket-test/notvalidated__b6c41ac0-5efa-4c9a-b669-1798588ef61e cloned to /tmp/s3_contents directory.
2023-12-01 11:26:08,838 - logger - INFO - Local batch contents (/Volumes/ExtremeSSD/notvalidated_orig) copied to new batch directory. (/Volumes/ExtremeSSD/notvbal34)
2023-12-01 11:26:08,962 - logger - INFO - Merged /tmp and local batch contents into new batch directory.
2023-12-01 11:26:08,965 - logger - INFO - Temporary directory /tmp/s3_contents successfully deleted.
2023-12-01 11:50:04,203 - logger - INFO - Job_ID notvalidated__e9f387e0-7214-434a-bc33-412c51531ab7 kicked off for notvalidated prefix in ndnp-open-ocr-output-bucket-test bucket
2023-12-01 14:14:40,507 - logger - INFO - Job_ID notvalidated__1c97d15c-8ed3-4b11-aa3a-5eaec83accf7 kicked off for notvalidated prefix in ndnp-open-ocr-output-bucket-test bucket
2023-12-01 14:15:02,326 - logger - INFO - Job_ID notvalidated__6b20638a-3908-4533-b264-0e898fe15e21 kicked off for notvalidated prefix in ndnp-open-ocr-output-bucket-test bucket
2023-12-01 14:43:41,006 - logger - INFO - Syncing outputs from notvalidated__b6c41ac0-5efa-4c9a-b669-1798588ef61e to local, and merging with local batch data.
2023-12-01 14:56:57,139 - logger - INFO - Syncing outputs from notvalidated__6b20638a-3908-4533-b264-0e898fe15e21 to local, and merging with local batch data.
2023-12-01 14:56:58,194 - logger - INFO - 
2023-12-01 14:56:58,196 - logger - INFO - S3 contents from s3://ndnp-open-ocr-output-bucket-test/notvalidated__6b20638a-3908-4533-b264-0e898fe15e21 cloned to /tmp/s3_contents directory.
2023-12-01 14:57:00,884 - logger - INFO - Local batch contents (/Volumes/ExtremeSSD/notvalidated_orig) copied to new batch directory. (/Volumes/ExtremeSSD/test)
2023-12-01 14:57:01,024 - logger - INFO - Merged /tmp and local batch contents into new batch directory.
2023-12-01 14:57:01,028 - logger - INFO - Temporary directory /tmp/s3_contents successfully deleted.
2023-12-01 14:57:37,693 - logger - INFO - Syncing outputs from notvalidated__6b20638a-3908-4533-b264-0e898fe15e21 to local, and merging with local batch data.
2023-12-01 14:58:36,450 - logger - INFO - Syncing outputs from notvalidated__6b20638a-3908-4533-b264-0e898fe15e21 to local, and merging with local batch data.
2023-12-01 14:58:58,433 - logger - INFO - Syncing outputs from notvalidated__6b20638a-3908-4533-b264-0e898fe15e21 to local, and merging with local batch data.
2023-12-01 15:03:23,846 - logger - INFO - Syncing outputs from notvalidated__6b20638a-3908-4533-b264-0e898fe15e21 to local, and merging with local batch data.
2023-12-01 15:03:24,698 - logger - INFO - Syncing outputs from notvalidated__6b20638a-3908-4533-b264-0e898fe15e21 to local, and merging with local batch data.
2023-12-01 15:04:06,616 - logger - INFO - Syncing outputs from notvalidated__6b20638a-3908-4533-b264-0e898fe15e21 to local, and merging with local batch data.
2023-12-01 15:04:43,272 - logger - INFO - Syncing outputs from notvalidated__6b20638a-3908-4533-b264-0e898fe15e21 to local, and merging with local batch data.
2023-12-01 15:04:54,733 - logger - INFO - Completed 1.4 KiB/49.4 MiB (3.3 KiB/s) with 38 file(s) remaining
download: s3://ndnp-open-ocr-output-bucket-test/notvalidated__6b20638a-3908-4533-b264-0e898fe15e21/batch_dlc_sampleissue/data/2010270501/00237285074/0582.xml to ../../../../../../../tmp/s3_contents/batch_dlc_sampleissue/data/2010270501/00237285074/0582.xml
Completed 1.4 KiB/49.4 MiB (3.3 KiB/s) with 37 file(s) remaining
Completed 2.8 KiB/49.4 MiB (6.5 KiB/s) with 37 file(s) remaining
download: s3://ndnp-open-ocr-output-bucket-test/notvalidated__6b20638a-3908-4533-b264-0e898fe15e21/batch_dlc_sampleissue/data/2010270501/00237285074/0000.xml to ../../../../../../../tmp/s3_contents/batch_dlc_sampleissue/data/2010270501/00237285074/0000.xml
Completed 2.8 KiB/49.4 MiB (6.5 KiB/s) with 36 file(s) remaining
Completed 4.2 KiB/49.4 MiB (9.4 KiB/s) with 36 file(s) remaining
download: s3://ndnp-open-ocr-output-bucket-test/notvalidated__6b20638a-3908-4533-b264-0e898fe15e21/batch_dlc_sampleissue/data/2010270501/00237285074/0187.xml to ../../../../../../../tmp/s3_contents/batch_dlc_sampleissue/data/2010270501/00237285074/0187.xml
Completed 4.2 KiB/49.4 MiB (9.4 KiB/s) with 35 file(s) remaining
Completed 8.2 KiB/49.4 MiB (16.6 KiB/s) with 35 file(s) remaining
download: s3://ndnp-open-ocr-output-bucket-test/notvalidated__6b20638a-3908-4533-b264-0e898fe15e21/batch_dlc_sampleissue/data/2010270501/00237285074/0771.xml to ../../../../../../../tmp/s3_contents/batch_dlc_sampleissue/data/2010270501/00237285074/0771.xml
Completed 8.2 KiB/49.4 MiB (16.6 KiB/s) with 34 file(s) remaining
Completed 9.7 KiB/49.4 MiB (17.7 KiB/s) with 34 file(s) remaining
download: s3://ndnp-open-ocr-output-bucket-test/notvalidated__6b20638a-3908-4533-b264-0e898fe15e21/batch_dlc_sampleissue/data/2010270501/00237285074/0935.xml to ../../../../../../../tmp/s3_contents/batch_dlc_sampleissue/data/2010270501/00237285074/0935.xml
Completed 9.7 KiB/49.4 MiB (17.7 KiB/s) with 33 file(s) remaining
Completed 11.2 KiB/49.4 MiB (18.4 KiB/s) with 33 file(s) remaining
download: s3://ndnp-open-ocr-output-bucket-test/notvalidated__6b20638a-3908-4533-b264-0e898fe15e21/batch_dlc_sampleissue/data/2010270501/00237285074/1200.xml to ../../../../../../../tmp/s3_contents/batch_dlc_sampleissue/data/2010270501/00237285074/1200.xml
Completed 11.2 KiB/49.4 MiB (18.4 KiB/s) with 32 file(s) remaining
Completed 12.7 KiB/49.4 MiB (16.9 KiB/s) with 32 file(s) remaining
download: s3://ndnp-open-ocr-output-bucket-test/notvalidated__6b20638a-3908-4533-b264-0e898fe15e21/batch_dlc_sampleissue/data/2010270501/00237285074/1262.xml to ../../../../../../../tmp/s3_contents/batch_dlc_sampleissue/data/2010270501/00237285074/1262.xml
Completed 12.7 KiB/49.4 MiB (16.9 KiB/s) with 31 file(s) remaining
Completed 239.0 KiB/49.4 MiB (282.7 KiB/s) with 31 file(s) remaining
download: s3://ndnp-open-ocr-output-bucket-test/notvalidated__6b20638a-3908-4533-b264-0e898fe15e21/batch_dlc_sampleissue/data/2010270501/00237285074/0582.pdf to ../../../../../../../tmp/s3_contents/batch_dlc_sampleissue/data/2010270501/00237285074/0582.pdf
Completed 239.0 KiB/49.4 MiB (282.7 KiB/s) with 30 file(s) remaining
Completed 255.9 KiB/49.4 MiB (296.5 KiB/s) with 30 file(s) remaining
download: s3://ndnp-open-ocr-output-bucket-test/notvalidated__6b20638a-3908-4533-b264-0e898fe15e21/batch_dlc_sampleissue/data/2010270501/00237285074/1203.xml to ../../../../../../../tmp/s3_contents/batch_dlc_sampleissue/data/2010270501/00237285074/1203.xml
Completed 255.9 KiB/49.4 MiB (296.5 KiB/s) with 29 file(s) remaining
Completed 511.9 KiB/49.4 MiB (569.9 KiB/s) with 29 file(s) remaining
Completed 767.9 KiB/49.4 MiB (837.5 KiB/s) with 29 file(s) remaining
Completed 785.8 KiB/49.4 MiB (856.7 KiB/s) with 29 file(s) remaining
download: s3://ndnp-open-ocr-output-bucket-test/notvalidated__6b20638a-3908-4533-b264-0e898fe15e21/batch_dlc_sampleissue/data/2010270501/00237285074/0187.pdf to ../../../../../../../tmp/s3_contents/batch_dlc_sampleissue/data/2010270501/00237285074/0187.pdf
Completed 785.8 KiB/49.4 MiB (856.7 KiB/s) with 28 file(s) remaining
Completed 1.0 MiB/49.4 MiB (1.1 MiB/s) with 28 file(s) remaining    
download: s3://ndnp-open-ocr-output-bucket-test/notvalidated__6b20638a-3908-4533-b264-0e898fe15e21/batch_dlc_sampleissue/data/2010270501/00237285074/0935.pdf to ../../../../../../../tmp/s3_contents/batch_dlc_sampleissue/data/2010270501/00237285074/0935.pdf
Completed 1.0 MiB/49.4 MiB (1.1 MiB/s) with 27 file(s) remaining
Completed 1.3 MiB/49.4 MiB (1.3 MiB/s) with 27 file(s) remaining
Completed 1.3 MiB/49.4 MiB (1.2 MiB/s) with 27 file(s) remaining
download: s3://ndnp-open-ocr-output-bucket-test/notvalidated__6b20638a-3908-4533-b264-0e898fe15e21/batch_dlc_sampleissue/data/2010270501/00237285074/1707.xml to ../../../../../../../tmp/s3_contents/batch_dlc_sampleissue/data/2010270501/00237285074/1707.xml
Completed 1.3 MiB/49.4 MiB (1.2 MiB/s) with 26 file(s) remaining
Completed 1.5 MiB/49.4 MiB (1.5 MiB/s) with 26 file(s) remaining
Completed 1.8 MiB/49.4 MiB (1.7 MiB/s) with 26 file(s) remaining
Completed 2.0 MiB/49.4 MiB (1.8 MiB/s) with 26 file(s) remaining
Completed 2.3 MiB/49.4 MiB (2.0 MiB/s) with 26 file(s) remaining
Completed 2.3 MiB/49.4 MiB (2.0 MiB/s) with 26 file(s) remaining
download: s3://ndnp-open-ocr-output-bucket-test/notvalidated__6b20638a-3908-4533-b264-0e898fe15e21/batch_dlc_sampleissue/data/2010270501/00237285074/1708.xml to ../../../../../../../tmp/s3_contents/batch_dlc_sampleissue/data/2010270501/00237285074/1708.xml
Completed 2.3 MiB/49.4 MiB (2.0 MiB/s) with 25 file(s) remaining
Completed 2.5 MiB/49.4 MiB (2.1 MiB/s) with 25 file(s) remaining
download: s3://ndnp-open-ocr-output-bucket-test/notvalidated__6b20638a-3908-4533-b264-0e898fe15e21/batch_dlc_sampleissue/data/2010270501/00237285074/0257.xml to ../../../../../../../tmp/s3_contents/batch_dlc_sampleissue/data/2010270501/00237285074/0257.xml
Completed 2.5 MiB/49.4 MiB (2.1 MiB/s) with 24 file(s) remaining
Completed 2.8 MiB/49.4 MiB (2.3 MiB/s) with 24 file(s) remaining
Completed 3.0 MiB/49.4 MiB (2.2 MiB/s) with 24 file(s) remaining
download: s3://ndnp-open-ocr-output-bucket-test/notvalidated__6b20638a-3908-4533-b264-0e898fe15e21/batch_dlc_sampleissue/data/2010270501/00237285074/1262.pdf to ../../../../../../../tmp/s3_contents/batch_dlc_sampleissue/data/2010270501/00237285074/1262.pdf
Completed 3.0 MiB/49.4 MiB (2.2 MiB/s) with 23 file(s) remaining
Completed 3.2 MiB/49.4 MiB (2.3 MiB/s) with 23 file(s) remaining
Completed 3.5 MiB/49.4 MiB (2.4 MiB/s) with 23 file(s) remaining
Completed 3.7 MiB/49.4 MiB (2.5 MiB/s) with 23 file(s) remaining
Completed 4.0 MiB/49.4 MiB (2.7 MiB/s) with 23 file(s) remaining
Completed 4.2 MiB/49.4 MiB (2.8 MiB/s) with 23 file(s) remaining
Completed 4.5 MiB/49.4 MiB (2.9 MiB/s) with 23 file(s) remaining
Completed 4.7 MiB/49.4 MiB (3.0 MiB/s) with 23 file(s) remaining
Completed 5.0 MiB/49.4 MiB (3.0 MiB/s) with 23 file(s) remaining
Completed 5.2 MiB/49.4 MiB (3.0 MiB/s) with 23 file(s) remaining
Completed 5.5 MiB/49.4 MiB (3.2 MiB/s) with 23 file(s) remaining
Completed 5.7 MiB/49.4 MiB (3.3 MiB/s) with 23 file(s) remaining
Completed 6.0 MiB/49.4 MiB (3.4 MiB/s) with 23 file(s) remaining
Completed 6.2 MiB/49.4 MiB (3.5 MiB/s) with 23 file(s) remaining
Completed 6.5 MiB/49.4 MiB (3.5 MiB/s) with 23 file(s) remaining
Completed 6.7 MiB/49.4 MiB (3.6 MiB/s) with 23 file(s) remaining
Completed 7.0 MiB/49.4 MiB (3.7 MiB/s) with 23 file(s) remaining
Completed 7.2 MiB/49.4 MiB (3.8 MiB/s) with 23 file(s) remaining
Completed 7.5 MiB/49.4 MiB (3.7 MiB/s) with 23 file(s) remaining
Completed 7.7 MiB/49.4 MiB (3.8 MiB/s) with 23 file(s) remaining
Completed 8.0 MiB/49.4 MiB (3.9 MiB/s) with 23 file(s) remaining
Completed 8.2 MiB/49.4 MiB (4.0 MiB/s) with 23 file(s) remaining
Completed 8.5 MiB/49.4 MiB (4.0 MiB/s) with 23 file(s) remaining
Completed 8.7 MiB/49.4 MiB (4.1 MiB/s) with 23 file(s) remaining
Completed 9.0 MiB/49.4 MiB (4.1 MiB/s) with 23 file(s) remaining
Completed 9.2 MiB/49.4 MiB (4.2 MiB/s) with 23 file(s) remaining
Completed 9.5 MiB/49.4 MiB (4.3 MiB/s) with 23 file(s) remaining
Completed 9.6 MiB/49.4 MiB (4.3 MiB/s) with 23 file(s) remaining
download: s3://ndnp-open-ocr-output-bucket-test/notvalidated__6b20638a-3908-4533-b264-0e898fe15e21/batch_dlc_sampleissue/data/2010270501/00237285074/1902103101/0863.xml to ../../../../../../../tmp/s3_contents/batch_dlc_sampleissue/data/2010270501/00237285074/1902103101/0863.xml
Completed 9.6 MiB/49.4 MiB (4.3 MiB/s) with 22 file(s) remaining
Completed 9.8 MiB/49.4 MiB (4.2 MiB/s) with 22 file(s) remaining
Completed 10.1 MiB/49.4 MiB (4.3 MiB/s) with 22 file(s) remaining
Completed 10.3 MiB/49.4 MiB (4.3 MiB/s) with 22 file(s) remaining
Completed 10.6 MiB/49.4 MiB (4.4 MiB/s) with 22 file(s) remaining
Completed 10.8 MiB/49.4 MiB (4.5 MiB/s) with 22 file(s) remaining
Completed 11.1 MiB/49.4 MiB (4.6 MiB/s) with 22 file(s) remaining
Completed 11.3 MiB/49.4 MiB (4.6 MiB/s) with 22 file(s) remaining
Completed 11.6 MiB/49.4 MiB (4.6 MiB/s) with 22 file(s) remaining
Completed 11.8 MiB/49.4 MiB (4.6 MiB/s) with 22 file(s) remaining
Completed 12.1 MiB/49.4 MiB (4.5 MiB/s) with 22 file(s) remaining
Completed 12.3 MiB/49.4 MiB (4.6 MiB/s) with 22 file(s) remaining
Completed 12.6 MiB/49.4 MiB (4.6 MiB/s) with 22 file(s) remaining
Completed 12.8 MiB/49.4 MiB (4.7 MiB/s) with 22 file(s) remaining
Completed 13.1 MiB/49.4 MiB (4.8 MiB/s) with 22 file(s) remaining
Completed 13.3 MiB/49.4 MiB (4.8 MiB/s) with 22 file(s) remaining
Completed 13.6 MiB/49.4 MiB (4.9 MiB/s) with 22 file(s) remaining
Completed 13.8 MiB/49.4 MiB (4.9 MiB/s) with 22 file(s) remaining
Completed 14.1 MiB/49.4 MiB (5.0 MiB/s) with 22 file(s) remaining
Completed 14.1 MiB/49.4 MiB (4.8 MiB/s) with 22 file(s) remaining
Completed 14.4 MiB/49.4 MiB (4.9 MiB/s) with 22 file(s) remaining
download: s3://ndnp-open-ocr-output-bucket-test/notvalidated__6b20638a-3908-4533-b264-0e898fe15e21/batch_dlc_sampleissue/data/2010270501/00237285074/0771.pdf to ../../../../../../../tmp/s3_contents/batch_dlc_sampleissue/data/2010270501/00237285074/0771.pdf
Completed 14.4 MiB/49.4 MiB (4.9 MiB/s) with 21 file(s) remaining
Completed 14.6 MiB/49.4 MiB (4.9 MiB/s) with 21 file(s) remaining
Completed 14.9 MiB/49.4 MiB (4.9 MiB/s) with 21 file(s) remaining
Completed 15.1 MiB/49.4 MiB (5.0 MiB/s) with 21 file(s) remaining
Completed 15.4 MiB/49.4 MiB (5.0 MiB/s) with 21 file(s) remaining
Completed 15.6 MiB/49.4 MiB (5.1 MiB/s) with 21 file(s) remaining
Completed 15.9 MiB/49.4 MiB (5.2 MiB/s) with 21 file(s) remaining
Completed 16.1 MiB/49.4 MiB (5.2 MiB/s) with 21 file(s) remaining
Completed 16.4 MiB/49.4 MiB (5.2 MiB/s) with 21 file(s) remaining
Completed 16.5 MiB/49.4 MiB (5.2 MiB/s) with 21 file(s) remaining
download: s3://ndnp-open-ocr-output-bucket-test/notvalidated__6b20638a-3908-4533-b264-0e898fe15e21/batch_dlc_sampleissue/data/2010270501/00237285074/1902103101/0865.xml to ../../../../../../../tmp/s3_contents/batch_dlc_sampleissue/data/2010270501/00237285074/1902103101/0865.xml
Completed 16.5 MiB/49.4 MiB (5.2 MiB/s) with 20 file(s) remaining
Completed 16.7 MiB/49.4 MiB (5.2 MiB/s) with 20 file(s) remaining
Completed 17.0 MiB/49.4 MiB (5.1 MiB/s) with 20 file(s) remaining
Completed 17.2 MiB/49.4 MiB (5.2 MiB/s) with 20 file(s) remaining
Completed 17.4 MiB/49.4 MiB (5.2 MiB/s) with 20 file(s) remaining
download: s3://ndnp-open-ocr-output-bucket-test/notvalidated__6b20638a-3908-4533-b264-0e898fe15e21/batch_dlc_sampleissue/data/2010270501/00237285074/0000.pdf to ../../../../../../../tmp/s3_contents/batch_dlc_sampleissue/data/2010270501/00237285074/0000.pdf
Completed 17.4 MiB/49.4 MiB (5.2 MiB/s) with 19 file(s) remaining
Completed 17.7 MiB/49.4 MiB (5.2 MiB/s) with 19 file(s) remaining
download: s3://ndnp-open-ocr-output-bucket-test/notvalidated__6b20638a-3908-4533-b264-0e898fe15e21/batch_dlc_sampleissue/data/2010270501/00237285074/1200.pdf to ../../../../../../../tmp/s3_contents/batch_dlc_sampleissue/data/2010270501/00237285074/1200.pdf
Completed 17.7 MiB/49.4 MiB (5.2 MiB/s) with 18 file(s) remaining
Completed 17.9 MiB/49.4 MiB (5.3 MiB/s) with 18 file(s) remaining
Completed 18.2 MiB/49.4 MiB (5.3 MiB/s) with 18 file(s) remaining
Completed 18.4 MiB/49.4 MiB (5.4 MiB/s) with 18 file(s) remaining
Completed 18.5 MiB/49.4 MiB (5.4 MiB/s) with 18 file(s) remaining
download: s3://ndnp-open-ocr-output-bucket-test/notvalidated__6b20638a-3908-4533-b264-0e898fe15e21/batch_dlc_sampleissue/data/2010270501/00237285074/1902103101/0864.xml to ../../../../../../../tmp/s3_contents/batch_dlc_sampleissue/data/2010270501/00237285074/1902103101/0864.xml
Completed 18.5 MiB/49.4 MiB (5.4 MiB/s) with 17 file(s) remaining
Completed 18.5 MiB/49.4 MiB (5.4 MiB/s) with 17 file(s) remaining
download: s3://ndnp-open-ocr-output-bucket-test/notvalidated__6b20638a-3908-4533-b264-0e898fe15e21/batch_dlc_sampleissue/data/2010270501/00237285074/1203.pdf to ../../../../../../../tmp/s3_contents/batch_dlc_sampleissue/data/2010270501/00237285074/1203.pdf
Completed 18.5 MiB/49.4 MiB (5.4 MiB/s) with 16 file(s) remaining
Completed 18.8 MiB/49.4 MiB (5.4 MiB/s) with 16 file(s) remaining
Completed 19.0 MiB/49.4 MiB (5.3 MiB/s) with 16 file(s) remaining
Completed 19.3 MiB/49.4 MiB (5.3 MiB/s) with 16 file(s) remaining
Completed 19.5 MiB/49.4 MiB (5.3 MiB/s) with 16 file(s) remaining
Completed 19.8 MiB/49.4 MiB (5.3 MiB/s) with 16 file(s) remaining
Completed 20.0 MiB/49.4 MiB (5.4 MiB/s) with 16 file(s) remaining
Completed 20.3 MiB/49.4 MiB (5.3 MiB/s) with 16 file(s) remaining
Completed 20.5 MiB/49.4 MiB (5.4 MiB/s) with 16 file(s) remaining
Completed 20.8 MiB/49.4 MiB (5.4 MiB/s) with 16 file(s) remaining
Completed 21.0 MiB/49.4 MiB (5.4 MiB/s) with 16 file(s) remaining
Completed 21.3 MiB/49.4 MiB (5.4 MiB/s) with 16 file(s) remaining
Completed 21.5 MiB/49.4 MiB (5.5 MiB/s) with 16 file(s) remaining
Completed 21.8 MiB/49.4 MiB (5.5 MiB/s) with 16 file(s) remaining
Completed 22.0 MiB/49.4 MiB (5.5 MiB/s) with 16 file(s) remaining
Completed 22.3 MiB/49.4 MiB (5.5 MiB/s) with 16 file(s) remaining
Completed 22.5 MiB/49.4 MiB (5.6 MiB/s) with 16 file(s) remaining
Completed 22.7 MiB/49.4 MiB (5.6 MiB/s) with 16 file(s) remaining
download: s3://ndnp-open-ocr-output-bucket-test/notvalidated__6b20638a-3908-4533-b264-0e898fe15e21/batch_dlc_sampleissue/data/2010270501/00237285074/0257.pdf to ../../../../../../../tmp/s3_contents/batch_dlc_sampleissue/data/2010270501/00237285074/0257.pdf
Completed 22.7 MiB/49.4 MiB (5.6 MiB/s) with 15 file(s) remaining
Completed 23.0 MiB/49.4 MiB (5.6 MiB/s) with 15 file(s) remaining
Completed 23.2 MiB/49.4 MiB (5.6 MiB/s) with 15 file(s) remaining
Completed 23.5 MiB/49.4 MiB (5.6 MiB/s) with 15 file(s) remaining
Completed 23.5 MiB/49.4 MiB (5.6 MiB/s) with 15 file(s) remaining
download: s3://ndnp-open-ocr-output-bucket-test/notvalidated__6b20638a-3908-4533-b264-0e898fe15e21/batch_dlc_sampleissue/data/2010270501/00237285074/1902103101/0867.xml to ../../../../../../../tmp/s3_contents/batch_dlc_sampleissue/data/2010270501/00237285074/1902103101/0867.xml
Completed 23.5 MiB/49.4 MiB (5.6 MiB/s) with 14 file(s) remaining
Completed 23.7 MiB/49.4 MiB (5.6 MiB/s) with 14 file(s) remaining
Completed 23.8 MiB/49.4 MiB (5.6 MiB/s) with 14 file(s) remaining
Completed 24.1 MiB/49.4 MiB (5.6 MiB/s) with 14 file(s) remaining
download: s3://ndnp-open-ocr-output-bucket-test/notvalidated__6b20638a-3908-4533-b264-0e898fe15e21/batch_dlc_sampleissue/data/2010270501/00237285074/1902103101/0866.xml to ../../../../../../../tmp/s3_contents/batch_dlc_sampleissue/data/2010270501/00237285074/1902103101/0866.xml
Completed 24.1 MiB/49.4 MiB (5.6 MiB/s) with 13 file(s) remaining
Completed 24.3 MiB/49.4 MiB (5.6 MiB/s) with 13 file(s) remaining
Completed 24.6 MiB/49.4 MiB (5.6 MiB/s) with 13 file(s) remaining
Completed 24.8 MiB/49.4 MiB (5.7 MiB/s) with 13 file(s) remaining
Completed 25.1 MiB/49.4 MiB (5.7 MiB/s) with 13 file(s) remaining
Completed 25.3 MiB/49.4 MiB (5.7 MiB/s) with 13 file(s) remaining
Completed 25.6 MiB/49.4 MiB (5.6 MiB/s) with 13 file(s) remaining
Completed 25.8 MiB/49.4 MiB (5.6 MiB/s) with 13 file(s) remaining
Completed 26.1 MiB/49.4 MiB (5.7 MiB/s) with 13 file(s) remaining
Completed 26.3 MiB/49.4 MiB (5.6 MiB/s) with 13 file(s) remaining
Completed 26.6 MiB/49.4 MiB (5.7 MiB/s) with 13 file(s) remaining
Completed 26.8 MiB/49.4 MiB (5.7 MiB/s) with 13 file(s) remaining
Completed 27.1 MiB/49.4 MiB (5.8 MiB/s) with 13 file(s) remaining
Completed 27.3 MiB/49.4 MiB (5.8 MiB/s) with 13 file(s) remaining
Completed 27.6 MiB/49.4 MiB (5.7 MiB/s) with 13 file(s) remaining
Completed 27.8 MiB/49.4 MiB (5.8 MiB/s) with 13 file(s) remaining
Completed 28.0 MiB/49.4 MiB (5.8 MiB/s) with 13 file(s) remaining
download: s3://ndnp-open-ocr-output-bucket-test/notvalidated__6b20638a-3908-4533-b264-0e898fe15e21/batch_dlc_sampleissue/data/2010270501/00237285074/1902103101/0868.xml to ../../../../../../../tmp/s3_contents/batch_dlc_sampleissue/data/2010270501/00237285074/1902103101/0868.xml
Completed 28.0 MiB/49.4 MiB (5.8 MiB/s) with 12 file(s) remaining
Completed 28.2 MiB/49.4 MiB (5.8 MiB/s) with 12 file(s) remaining
Completed 28.5 MiB/49.4 MiB (5.8 MiB/s) with 12 file(s) remaining
Completed 28.7 MiB/49.4 MiB (5.8 MiB/s) with 12 file(s) remaining
Completed 29.0 MiB/49.4 MiB (5.8 MiB/s) with 12 file(s) remaining
Completed 29.2 MiB/49.4 MiB (5.8 MiB/s) with 12 file(s) remaining
Completed 29.5 MiB/49.4 MiB (5.9 MiB/s) with 12 file(s) remaining
Completed 29.7 MiB/49.4 MiB (5.9 MiB/s) with 12 file(s) remaining
Completed 30.0 MiB/49.4 MiB (5.8 MiB/s) with 12 file(s) remaining
Completed 30.2 MiB/49.4 MiB (5.9 MiB/s) with 12 file(s) remaining
Completed 30.5 MiB/49.4 MiB (5.9 MiB/s) with 12 file(s) remaining
Completed 30.7 MiB/49.4 MiB (5.9 MiB/s) with 12 file(s) remaining
Completed 31.0 MiB/49.4 MiB (5.9 MiB/s) with 12 file(s) remaining
Completed 31.2 MiB/49.4 MiB (5.9 MiB/s) with 12 file(s) remaining
Completed 31.5 MiB/49.4 MiB (5.9 MiB/s) with 12 file(s) remaining
Completed 31.7 MiB/49.4 MiB (5.9 MiB/s) with 12 file(s) remaining
Completed 32.0 MiB/49.4 MiB (6.0 MiB/s) with 12 file(s) remaining
Completed 32.2 MiB/49.4 MiB (6.0 MiB/s) with 12 file(s) remaining
Completed 32.5 MiB/49.4 MiB (6.0 MiB/s) with 12 file(s) remaining
Completed 32.7 MiB/49.4 MiB (6.0 MiB/s) with 12 file(s) remaining
Completed 33.0 MiB/49.4 MiB (6.0 MiB/s) with 12 file(s) remaining
Completed 33.2 MiB/49.4 MiB (6.0 MiB/s) with 12 file(s) remaining
Completed 33.5 MiB/49.4 MiB (6.0 MiB/s) with 12 file(s) remaining
Completed 33.7 MiB/49.4 MiB (6.0 MiB/s) with 12 file(s) remaining
Completed 34.0 MiB/49.4 MiB (6.0 MiB/s) with 12 file(s) remaining
Completed 34.2 MiB/49.4 MiB (6.0 MiB/s) with 12 file(s) remaining
download: s3://ndnp-open-ocr-output-bucket-test/notvalidated__6b20638a-3908-4533-b264-0e898fe15e21/batch_dlc_sampleissue/data/2010270501/00237285074/1708.pdf to ../../../../../../../tmp/s3_contents/batch_dlc_sampleissue/data/2010270501/00237285074/1708.pdf
Completed 34.2 MiB/49.4 MiB (6.0 MiB/s) with 11 file(s) remaining
Completed 34.5 MiB/49.4 MiB (6.1 MiB/s) with 11 file(s) remaining
Completed 34.7 MiB/49.4 MiB (6.1 MiB/s) with 11 file(s) remaining
Completed 34.8 MiB/49.4 MiB (6.0 MiB/s) with 11 file(s) remaining
download: s3://ndnp-open-ocr-output-bucket-test/notvalidated__6b20638a-3908-4533-b264-0e898fe15e21/batch_dlc_sampleissue/data/2010270501/00237285074/1902103101/0869.xml to ../../../../../../../tmp/s3_contents/batch_dlc_sampleissue/data/2010270501/00237285074/1902103101/0869.xml
Completed 34.8 MiB/49.4 MiB (6.0 MiB/s) with 10 file(s) remaining
Completed 35.1 MiB/49.4 MiB (6.1 MiB/s) with 10 file(s) remaining
Completed 35.3 MiB/49.4 MiB (6.1 MiB/s) with 10 file(s) remaining
download: s3://ndnp-open-ocr-output-bucket-test/notvalidated__6b20638a-3908-4533-b264-0e898fe15e21/batch_dlc_sampleissue/data/2010270501/00237285074/1707.pdf to ../../../../../../../tmp/s3_contents/batch_dlc_sampleissue/data/2010270501/00237285074/1707.pdf
Completed 35.3 MiB/49.4 MiB (6.1 MiB/s) with 9 file(s) remaining
Completed 35.6 MiB/49.4 MiB (6.1 MiB/s) with 9 file(s) remaining
Completed 35.7 MiB/49.4 MiB (6.1 MiB/s) with 9 file(s) remaining
download: s3://ndnp-open-ocr-output-bucket-test/notvalidated__6b20638a-3908-4533-b264-0e898fe15e21/batch_dlc_sampleissue/data/2010270501/00237285074/1902103101/0865.pdf to ../../../../../../../tmp/s3_contents/batch_dlc_sampleissue/data/2010270501/00237285074/1902103101/0865.pdf
Completed 35.7 MiB/49.4 MiB (6.1 MiB/s) with 8 file(s) remaining
Completed 36.0 MiB/49.4 MiB (6.1 MiB/s) with 8 file(s) remaining
Completed 36.2 MiB/49.4 MiB (6.1 MiB/s) with 8 file(s) remaining
Completed 36.5 MiB/49.4 MiB (6.1 MiB/s) with 8 file(s) remaining
Completed 36.7 MiB/49.4 MiB (6.0 MiB/s) with 8 file(s) remaining
Completed 37.0 MiB/49.4 MiB (6.0 MiB/s) with 8 file(s) remaining
Completed 37.2 MiB/49.4 MiB (6.0 MiB/s) with 8 file(s) remaining
Completed 37.5 MiB/49.4 MiB (6.0 MiB/s) with 8 file(s) remaining
Completed 37.7 MiB/49.4 MiB (6.0 MiB/s) with 8 file(s) remaining
Completed 38.0 MiB/49.4 MiB (6.0 MiB/s) with 8 file(s) remaining
Completed 38.2 MiB/49.4 MiB (6.0 MiB/s) with 8 file(s) remaining
Completed 38.5 MiB/49.4 MiB (6.0 MiB/s) with 8 file(s) remaining
Completed 38.7 MiB/49.4 MiB (6.0 MiB/s) with 8 file(s) remaining
Completed 39.0 MiB/49.4 MiB (6.0 MiB/s) with 8 file(s) remaining
Completed 39.2 MiB/49.4 MiB (6.0 MiB/s) with 8 file(s) remaining
Completed 39.5 MiB/49.4 MiB (6.0 MiB/s) with 8 file(s) remaining
Completed 39.7 MiB/49.4 MiB (6.0 MiB/s) with 8 file(s) remaining
Completed 40.0 MiB/49.4 MiB (6.0 MiB/s) with 8 file(s) remaining
Completed 40.1 MiB/49.4 MiB (6.0 MiB/s) with 8 file(s) remaining
download: s3://ndnp-open-ocr-output-bucket-test/notvalidated__6b20638a-3908-4533-b264-0e898fe15e21/batch_dlc_sampleissue/data/2010270501/00237285074/1902103101/0870.xml to ../../../../../../../tmp/s3_contents/batch_dlc_sampleissue/data/2010270501/00237285074/1902103101/0870.xml
Completed 40.1 MiB/49.4 MiB (6.0 MiB/s) with 7 file(s) remaining
Completed 40.2 MiB/49.4 MiB (6.0 MiB/s) with 7 file(s) remaining
download: s3://ndnp-open-ocr-output-bucket-test/notvalidated__6b20638a-3908-4533-b264-0e898fe15e21/batch_dlc_sampleissue/data/2010270501/00237285074/1902103101/0863.pdf to ../../../../../../../tmp/s3_contents/batch_dlc_sampleissue/data/2010270501/00237285074/1902103101/0863.pdf
Completed 40.2 MiB/49.4 MiB (6.0 MiB/s) with 6 file(s) remaining
Completed 40.5 MiB/49.4 MiB (6.0 MiB/s) with 6 file(s) remaining
Completed 40.7 MiB/49.4 MiB (6.0 MiB/s) with 6 file(s) remaining
Completed 41.0 MiB/49.4 MiB (6.0 MiB/s) with 6 file(s) remaining
Completed 41.2 MiB/49.4 MiB (6.0 MiB/s) with 6 file(s) remaining
Completed 41.5 MiB/49.4 MiB (6.0 MiB/s) with 6 file(s) remaining
Completed 41.7 MiB/49.4 MiB (6.0 MiB/s) with 6 file(s) remaining
Completed 42.0 MiB/49.4 MiB (5.9 MiB/s) with 6 file(s) remaining
Completed 42.2 MiB/49.4 MiB (5.9 MiB/s) with 6 file(s) remaining
Completed 42.5 MiB/49.4 MiB (5.9 MiB/s) with 6 file(s) remaining
Completed 42.7 MiB/49.4 MiB (5.9 MiB/s) with 6 file(s) remaining
Completed 43.0 MiB/49.4 MiB (5.9 MiB/s) with 6 file(s) remaining
Completed 43.2 MiB/49.4 MiB (5.9 MiB/s) with 6 file(s) remaining
Completed 43.5 MiB/49.4 MiB (5.9 MiB/s) with 6 file(s) remaining
Completed 43.7 MiB/49.4 MiB (5.8 MiB/s) with 6 file(s) remaining
Completed 44.0 MiB/49.4 MiB (5.9 MiB/s) with 6 file(s) remaining
Completed 44.2 MiB/49.4 MiB (5.9 MiB/s) with 6 file(s) remaining
Completed 44.5 MiB/49.4 MiB (5.9 MiB/s) with 6 file(s) remaining
Completed 44.7 MiB/49.4 MiB (5.8 MiB/s) with 6 file(s) remaining
Completed 45.0 MiB/49.4 MiB (5.8 MiB/s) with 6 file(s) remaining
Completed 45.1 MiB/49.4 MiB (5.8 MiB/s) with 6 file(s) remaining
download: s3://ndnp-open-ocr-output-bucket-test/notvalidated__6b20638a-3908-4533-b264-0e898fe15e21/batch_dlc_sampleissue/data/2010270501/00237285074/1902103101/0864.pdf to ../../../../../../../tmp/s3_contents/batch_dlc_sampleissue/data/2010270501/00237285074/1902103101/0864.pdf
Completed 45.1 MiB/49.4 MiB (5.8 MiB/s) with 5 file(s) remaining
Completed 45.4 MiB/49.4 MiB (5.8 MiB/s) with 5 file(s) remaining
Completed 45.6 MiB/49.4 MiB (5.8 MiB/s) with 5 file(s) remaining
Completed 45.8 MiB/49.4 MiB (5.8 MiB/s) with 5 file(s) remaining
download: s3://ndnp-open-ocr-output-bucket-test/notvalidated__6b20638a-3908-4533-b264-0e898fe15e21/batch_dlc_sampleissue/data/2010270501/00237285074/1902103101/0866.pdf to ../../../../../../../tmp/s3_contents/batch_dlc_sampleissue/data/2010270501/00237285074/1902103101/0866.pdf
Completed 45.8 MiB/49.4 MiB (5.8 MiB/s) with 4 file(s) remaining
Completed 46.0 MiB/49.4 MiB (5.9 MiB/s) with 4 file(s) remaining
Completed 46.1 MiB/49.4 MiB (5.8 MiB/s) with 4 file(s) remaining
download: s3://ndnp-open-ocr-output-bucket-test/notvalidated__6b20638a-3908-4533-b264-0e898fe15e21/batch_dlc_sampleissue/data/2010270501/00237285074/1902103101/0867.pdf to ../../../../../../../tmp/s3_contents/batch_dlc_sampleissue/data/2010270501/00237285074/1902103101/0867.pdf
Completed 46.1 MiB/49.4 MiB (5.8 MiB/s) with 3 file(s) remaining
Completed 46.3 MiB/49.4 MiB (5.7 MiB/s) with 3 file(s) remaining
Completed 46.6 MiB/49.4 MiB (5.7 MiB/s) with 3 file(s) remaining
Completed 46.8 MiB/49.4 MiB (5.8 MiB/s) with 3 file(s) remaining
Completed 47.0 MiB/49.4 MiB (5.6 MiB/s) with 3 file(s) remaining
download: s3://ndnp-open-ocr-output-bucket-test/notvalidated__6b20638a-3908-4533-b264-0e898fe15e21/batch_dlc_sampleissue/data/2010270501/00237285074/1902103101/0868.pdf to ../../../../../../../tmp/s3_contents/batch_dlc_sampleissue/data/2010270501/00237285074/1902103101/0868.pdf
Completed 47.0 MiB/49.4 MiB (5.6 MiB/s) with 2 file(s) remaining
Completed 47.3 MiB/49.4 MiB (5.6 MiB/s) with 2 file(s) remaining
Completed 47.5 MiB/49.4 MiB (5.6 MiB/s) with 2 file(s) remaining
Completed 47.8 MiB/49.4 MiB (5.4 MiB/s) with 2 file(s) remaining
Completed 48.0 MiB/49.4 MiB (5.5 MiB/s) with 2 file(s) remaining
Completed 48.1 MiB/49.4 MiB (5.4 MiB/s) with 2 file(s) remaining
download: s3://ndnp-open-ocr-output-bucket-test/notvalidated__6b20638a-3908-4533-b264-0e898fe15e21/batch_dlc_sampleissue/data/2010270501/00237285074/1902103101/0869.pdf to ../../../../../../../tmp/s3_contents/batch_dlc_sampleissue/data/2010270501/00237285074/1902103101/0869.pdf
Completed 48.1 MiB/49.4 MiB (5.4 MiB/s) with 1 file(s) remaining
Completed 48.3 MiB/49.4 MiB (5.3 MiB/s) with 1 file(s) remaining
Completed 48.6 MiB/49.4 MiB (5.2 MiB/s) with 1 file(s) remaining
Completed 48.8 MiB/49.4 MiB (5.0 MiB/s) with 1 file(s) remaining
Completed 49.1 MiB/49.4 MiB (4.9 MiB/s) with 1 file(s) remaining
Completed 49.3 MiB/49.4 MiB (4.8 MiB/s) with 1 file(s) remaining
Completed 49.4 MiB/49.4 MiB (4.7 MiB/s) with 1 file(s) remaining
download: s3://ndnp-open-ocr-output-bucket-test/notvalidated__6b20638a-3908-4533-b264-0e898fe15e21/batch_dlc_sampleissue/data/2010270501/00237285074/1902103101/0870.pdf to ../../../../../../../tmp/s3_contents/batch_dlc_sampleissue/data/2010270501/00237285074/1902103101/0870.pdf

2023-12-01 15:04:54,733 - logger - INFO - S3 contents from s3://ndnp-open-ocr-output-bucket-test/notvalidated__6b20638a-3908-4533-b264-0e898fe15e21 cloned to /tmp/s3_contents directory.
2023-12-01 15:04:57,511 - logger - INFO - Local batch contents (/Volumes/ExtremeSSD/notvalidated_orig/) copied to new batch directory. (/Volumes/ExtremeSSD/test1)
2023-12-01 15:04:57,643 - logger - INFO - Merged /tmp and local batch contents into new batch directory.
2023-12-01 15:04:57,647 - logger - INFO - Temporary directory /tmp/s3_contents successfully deleted.
2023-12-01 15:05:58,114 - logger - INFO - Syncing outputs from notvalidated__6b20638a-3908-4533-b264-0e898fe15e21 to local, and merging with local batch data.
2023-12-01 15:06:08,463 - logger - INFO - None
2023-12-01 15:06:08,463 - logger - INFO - S3 contents from s3://ndnp-open-ocr-output-bucket-test/notvalidated__6b20638a-3908-4533-b264-0e898fe15e21 cloned to /tmp/s3_contents directory.
2023-12-01 15:06:10,948 - logger - INFO - Local batch contents (/Volumes/ExtremeSSD/notvalidated_orig/) copied to new batch directory. (/Volumes/ExtremeSSD/test1)
2023-12-01 15:06:11,138 - logger - INFO - Merged /tmp and local batch contents into new batch directory.
2023-12-01 15:06:11,142 - logger - INFO - Temporary directory /tmp/s3_contents successfully deleted.
2023-12-01 15:06:56,029 - logger - INFO - Syncing outputs from notvalidated__6b20638a-3908-4533-b264-0e898fe15e21 to local, and merging with local batch data.
2023-12-01 15:07:07,003 - logger - INFO - None
2023-12-01 15:07:07,004 - logger - INFO - S3 contents from s3://ndnp-open-ocr-output-bucket-test/notvalidated__6b20638a-3908-4533-b264-0e898fe15e21 cloned to /tmp/s3_contents directory.
2023-12-01 15:07:09,610 - logger - INFO - Local batch contents (/Volumes/ExtremeSSD/notvalidated_orig/) copied to new batch directory. (/Volumes/ExtremeSSD/test10)
2023-12-01 15:07:09,788 - logger - INFO - Merged /tmp and local batch contents into new batch directory.
2023-12-01 15:07:09,791 - logger - INFO - Temporary directory /tmp/s3_contents successfully deleted.
2023-12-01 15:10:42,229 - logger - INFO - Job_ID notvalidated__7d3d3314-65e5-496f-a13f-c51e1ad8417e kicked off for notvalidated prefix in ndnp-open-ocr-output-bucket-test bucket
2023-12-01 15:26:22,282 - logger - INFO - Syncing outputs from notvalidated__7d3d3314-65e5-496f-a13f-c51e1ad8417e to local, and merging with local batch data.
2023-12-01 15:26:33,482 - logger - INFO - None
2023-12-01 15:26:33,482 - logger - INFO - S3 contents from s3://ndnp-open-ocr-output-bucket-test/notvalidated__7d3d3314-65e5-496f-a13f-c51e1ad8417e cloned to /tmp/s3_contents directory.
2023-12-01 15:26:36,172 - logger - INFO - Local batch contents (/Volumes/ExtremeSSD/notvalidated_orig/) copied to new batch directory. (/Volumes/ExtremeSSD/test11)
2023-12-01 15:26:36,313 - logger - INFO - Merged /tmp and local batch contents into new batch directory.
2023-12-01 15:26:36,316 - logger - INFO - Temporary directory /tmp/s3_contents successfully deleted.
2023-12-01 16:36:42,182 - logger - INFO - Job_ID batch_dlc_kite_ver01__81a96e15-d48d-4717-8cd2-870f3edd2c27 kicked off for loc-preservation/lcbp/ndnp/dlc/batch_dlc_kite_ver01 prefix in loc-preservation bucket
2023-12-05 20:37:57,676 - logger - INFO - Job_ID notvalidated__b993daa3-1106-4af0-b235-0d419f63be0c kicked off for notvalidated prefix in ndnp-open-ocr-output-bucket-test bucket
2023-12-06 08:21:09,457 - logger - INFO - Syncing outputs from notvalidated__b993daa3-1106-4af0-b235-0d419f63be0c to local, and merging with local batch data.
2023-12-06 08:21:22,848 - logger - INFO - None
2023-12-06 08:21:22,848 - logger - INFO - S3 contents from s3://ndnp-open-ocr-output-bucket-test/notvalidated__b993daa3-1106-4af0-b235-0d419f63be0c cloned to /tmp/s3_contents directory.
2023-12-06 08:21:25,535 - logger - INFO - Local batch contents (/Volumes/ExtremeSSD/Batches/notvalidated_orig) copied to new batch directory. (/Volumes/ExtremeSSD/TEST123)
2023-12-06 08:21:25,674 - logger - INFO - Merged /tmp and local batch contents into new batch directory.
2023-12-06 08:21:25,677 - logger - INFO - Temporary directory /tmp/s3_contents successfully deleted.
2023-12-08 10:04:36,729 - logger - INFO - Job_ID notvalidated_0249_error__3d9d8cfb-a156-440c-bdaf-f6a325846314 kicked off for notvalidated_0249_error prefix in ndnp-open-ocr-output-bucket-test bucket
2023-12-08 13:17:09,309 - logger - INFO - Job_ID notvalidated_0249_error__2abd5d6c-2860-494d-83d9-4d1b7c82d5fb kicked off for notvalidated_0249_error prefix in ndnp-open-ocr-output-bucket-test bucket
2023-12-08 13:53:15,215 - logger - INFO - Job_ID notvalidated_0249_error__f6e40100-e3b0-45a8-99d2-7bc180ccc8ee kicked off for notvalidated_0249_error prefix in ndnp-open-ocr-output-bucket-test bucket
2023-12-08 14:08:54,981 - logger - INFO - Job_ID notvalidated_0249_error__63940453-c9c4-4e29-8c1e-5d91239c8821 kicked off for notvalidated_0249_error prefix in ndnp-open-ocr-output-bucket-test bucket
2023-12-11 10:06:00,177 - logger - INFO - Job_ID notvalidated__b91f5c64-2027-4604-a074-5120af94fdbc kicked off for notvalidated prefix in ndnp-open-ocr-output-bucket-test bucket
2023-12-11 10:32:13,569 - logger - INFO - Job_ID notvalidated__ff8cdc61-8ed8-46da-8309-b16e146fc98d kicked off for notvalidated prefix in ndnp-open-ocr-output-bucket-test bucket
2023-12-11 10:47:47,692 - logger - INFO - Job_ID batch_dlc_kite_ver01__9630cde7-d52c-4c24-8cf4-77af9109a820 kicked off for loc-preservation/lcbp/ndnp/dlc/batch_dlc_kite_ver01 prefix in loc-preservation bucket
2023-12-11 10:57:19,439 - logger - INFO - Job_ID batch_dlc_kite_ver01__1a755ff3-3b25-4a15-90dd-9f963a92c96b kicked off for loc-preservation/lcbp/ndnp/dlc/batch_dlc_kite_ver01 prefix in loc-preservation bucket
2023-12-11 17:01:29,346 - logger - INFO - Syncing outputs from batch_dlc_kite_ver01__1a755ff3-3b25-4a15-90dd-9f963a92c96b to local, and merging with local batch data.
2023-12-11 17:25:56,975 - logger - INFO - Syncing outputs from batch_dlc_kite_ver01__1a755ff3-3b25-4a15-90dd-9f963a92c96b to local, and merging with local batch data.
2023-12-11 17:31:54,571 - logger - INFO - None
2023-12-11 17:31:54,571 - logger - INFO - S3 contents from s3://ndnp-open-ocr-output-bucket-test/batch_dlc_kite_ver01__1a755ff3-3b25-4a15-90dd-9f963a92c96b cloned to /tmp/s3_contents directory.
2023-12-11 17:35:33,899 - logger - INFO - Local batch contents (/Volumes/ExtremeSSD/Batches/batch_dlc_kite_ver01) copied to new batch directory. (/Volumes/ExtremeSSD/NoPDFs)
2023-12-11 17:35:48,151 - logger - INFO - Merged /tmp and local batch contents into new batch directory.
2023-12-11 17:35:48,384 - logger - INFO - Temporary directory /tmp/s3_contents successfully deleted.
2023-12-12 10:52:59,265 - logger - INFO - Job_ID batch_dlc_kite_ver01__4ce3255f-8feb-4cf8-b613-3a0e879b29cc kicked off for loc-preservation/lcbp/ndnp/dlc/batch_dlc_kite_ver01 prefix in loc-preservation bucket
2023-12-21 12:40:20,634 - logger - INFO - Syncing outputs from batch_dlc_kite_ver01__b9c7bd55-65a9-4f98-b9ff-cd56b20ebea9 to local, and merging with local batch data.
2023-12-21 12:46:37,334 - logger - INFO - None
2023-12-21 12:46:37,334 - logger - INFO - S3 contents from s3://ndnp-open-ocr-output-bucket-test/batch_dlc_kite_ver01__b9c7bd55-65a9-4f98-b9ff-cd56b20ebea9 cloned to /tmp/s3_contents directory.
2023-12-21 12:50:21,518 - logger - INFO - Local batch contents (/Volumes/ExtremeSSD/Batches/batch_dlc_kite_ver01) copied to new batch directory. (/Volumes/ExtremeSSD/Batches/OUTPUT1234)
2023-12-21 12:50:34,692 - logger - INFO - Merged /tmp and local batch contents into new batch directory.
2023-12-21 12:50:34,902 - logger - INFO - Temporary directory /tmp/s3_contents successfully deleted.
2024-02-09 14:40:35,268 - logger - INFO - Job_ID batch_dlc_alice_ver01__9130948f-9c0e-4815-b6e3-ad0defa80e3e kicked off for loc-preservation/lcbp/ndnp/dlc/batch_dlc_alice_ver01 prefix in loc-preservation bucket
2024-02-29 09:08:52,332 - logger - INFO - Job_ID notvalidated__cefcb20a-3e6e-4ba1-9813-b78f21d6d088 kicked off for notvalidated prefix in ndnp-open-ocr-output-bucket-test bucket
